{"/Users/syed/Workspace/srs/src/main/app.module.ts": {"path":"/Users/syed/Workspace/srs/src/main/app.module.ts","statementMap":{"0":{"start":{"line":1,"column":0},"end":{"line":1,"column":40}},"1":{"start":{"line":2,"column":0},"end":{"line":2,"column":68}},"2":{"start":{"line":3,"column":0},"end":{"line":3,"column":73}},"3":{"start":{"line":4,"column":0},"end":{"line":4,"column":56}},"4":{"start":{"line":5,"column":0},"end":{"line":5,"column":79}},"5":{"start":{"line":16,"column":0},"end":{"line":16,"column":null}},"6":{"start":{"line":16,"column":13},"end":{"line":16,"column":null}},"7":{"start":{"line":16,"column":24},"end":{"line":16,"column":null}},"8":{"start":{"line":16,"column":13},"end":{"line":16,"column":22}}},"fnMap":{"0":{"name":"(anonymous_1)","decl":{"start":{"line":16,"column":0},"end":{"line":16,"column":13}},"loc":{"start":{"line":16,"column":0},"end":{"line":16,"column":null}}}},"branchMap":{},"s":{"0":1,"1":1,"2":1,"3":1,"4":1,"5":2,"6":1,"7":1,"8":1},"f":{"0":1},"b":{}}
,"/Users/syed/Workspace/srs/src/main/modules/app-config/app-config.module.ts": {"path":"/Users/syed/Workspace/srs/src/main/modules/app-config/app-config.module.ts","statementMap":{"0":{"start":{"line":1,"column":0},"end":{"line":1,"column":40}},"1":{"start":{"line":2,"column":0},"end":{"line":2,"column":37}},"2":{"start":{"line":8,"column":0},"end":{"line":8,"column":null}},"3":{"start":{"line":8,"column":13},"end":{"line":8,"column":null}},"4":{"start":{"line":8,"column":30},"end":{"line":8,"column":null}},"5":{"start":{"line":8,"column":13},"end":{"line":8,"column":28}}},"fnMap":{"0":{"name":"(anonymous_1)","decl":{"start":{"line":8,"column":0},"end":{"line":8,"column":13}},"loc":{"start":{"line":8,"column":0},"end":{"line":8,"column":null}}}},"branchMap":{},"s":{"0":1,"1":1,"2":2,"3":1,"4":1,"5":1},"f":{"0":1},"b":{}}
,"/Users/syed/Workspace/srs/src/main/modules/app-config/app-config.ts": {"path":"/Users/syed/Workspace/srs/src/main/modules/app-config/app-config.ts","statementMap":{"0":{"start":{"line":1,"column":0},"end":{"line":1,"column":44}},"1":{"start":{"line":3,"column":0},"end":{"line":3,"column":47}},"2":{"start":{"line":6,"column":0},"end":{"line":32,"column":null}},"3":{"start":{"line":6,"column":30},"end":{"line":32,"column":null}},"4":{"start":{"line":12,"column":4},"end":{"line":12,"column":43}},"5":{"start":{"line":16,"column":4},"end":{"line":16,"column":47}},"6":{"start":{"line":20,"column":4},"end":{"line":30,"column":6}},"7":{"start":{"line":7,"column":9},"end":{"line":9,"column":7}},"8":{"start":{"line":8,"column":4},"end":{"line":8,"column":45}},"9":{"start":{"line":6,"column":21},"end":{"line":32,"column":null}},"10":{"start":{"line":32,"column":0},"end":{"line":32,"column":null}},"11":{"start":{"line":6,"column":21},"end":{"line":6,"column":null}}},"fnMap":{"0":{"name":"(anonymous_1)","decl":{"start":{"line":6,"column":0},"end":{"line":6,"column":21}},"loc":{"start":{"line":6,"column":0},"end":{"line":32,"column":null}}},"1":{"name":"(anonymous_2)","decl":{"start":{"line":11,"column":9},"end":{"line":11,"column":19}},"loc":{"start":{"line":11,"column":19},"end":{"line":13,"column":3}}},"2":{"name":"(anonymous_3)","decl":{"start":{"line":15,"column":9},"end":{"line":15,"column":20}},"loc":{"start":{"line":15,"column":44},"end":{"line":17,"column":3}}},"3":{"name":"(anonymous_4)","decl":{"start":{"line":19,"column":9},"end":{"line":19,"column":23}},"loc":{"start":{"line":19,"column":47},"end":{"line":31,"column":3}}},"4":{"name":"(anonymous_5)","decl":{"start":{"line":7,"column":27},"end":{"line":7,"column":30}},"loc":{"start":{"line":7,"column":32},"end":{"line":9,"column":3}}}},"branchMap":{"0":{"loc":{"start":{"line":22,"column":12},"end":{"line":22,"column":26}},"type":"cond-expr","locations":[{"start":{"line":22,"column":12},"end":{"line":22,"column":26}},{"start":{"line":22,"column":30},"end":{"line":22,"column":39}}]},"1":{"loc":{"start":{"line":22,"column":12},"end":{"line":22,"column":30}},"type":"binary-expr","locations":[{"start":{"line":22,"column":12},"end":{"line":22,"column":30}},{"start":{"line":22,"column":12},"end":{"line":22,"column":30}}]}},"s":{"0":1,"1":1,"2":1,"3":1,"4":0,"5":0,"6":0,"7":1,"8":1,"9":1,"10":1,"11":1},"f":{"0":1,"1":0,"2":0,"3":0,"4":1},"b":{"0":[0,0],"1":[0,0]}}
,"/Users/syed/Workspace/srs/src/main/modules/database/database.module.ts": {"path":"/Users/syed/Workspace/srs/src/main/modules/database/database.module.ts","statementMap":{"0":{"start":{"line":1,"column":0},"end":{"line":1,"column":55}},"1":{"start":{"line":2,"column":0},"end":{"line":2,"column":48}},"2":{"start":{"line":3,"column":0},"end":{"line":3,"column":66}},"3":{"start":{"line":4,"column":0},"end":{"line":4,"column":49}},"4":{"start":{"line":7,"column":0},"end":{"line":21,"column":null}},"5":{"start":{"line":7,"column":27},"end":{"line":21,"column":null}},"6":{"start":{"line":9,"column":4},"end":{"line":19,"column":6}},"7":{"start":{"line":16,"column":12},"end":{"line":16,"column":49}},"8":{"start":{"line":7,"column":13},"end":{"line":21,"column":null}},"9":{"start":{"line":21,"column":0},"end":{"line":21,"column":null}},"10":{"start":{"line":7,"column":13},"end":{"line":7,"column":27}}},"fnMap":{"0":{"name":"(anonymous_1)","decl":{"start":{"line":7,"column":0},"end":{"line":7,"column":13}},"loc":{"start":{"line":7,"column":0},"end":{"line":21,"column":null}}},"1":{"name":"(anonymous_2)","decl":{"start":{"line":8,"column":9},"end":{"line":8,"column":15}},"loc":{"start":{"line":8,"column":48},"end":{"line":20,"column":3}}},"2":{"name":"(anonymous_3)","decl":{"start":{"line":15,"column":22},"end":{"line":15,"column":23}},"loc":{"start":{"line":16,"column":12},"end":{"line":16,"column":49}}}},"branchMap":{},"s":{"0":1,"1":1,"2":1,"3":1,"4":1,"5":1,"6":1,"7":0,"8":1,"9":1,"10":1},"f":{"0":1,"1":1,"2":0},"b":{}}
,"/Users/syed/Workspace/srs/src/main/modules/srs/studentenrollment.controller.ts": {"path":"/Users/syed/Workspace/srs/src/main/modules/srs/studentenrollment.controller.ts","statementMap":{"0":{"start":{"line":1,"column":0},"end":{"line":1,"column":null}},"1":{"start":{"line":14,"column":0},"end":{"line":14,"column":68}},"2":{"start":{"line":15,"column":0},"end":{"line":15,"column":null}},"3":{"start":{"line":22,"column":0},"end":{"line":22,"column":55}},"4":{"start":{"line":23,"column":0},"end":{"line":23,"column":75}},"5":{"start":{"line":24,"column":0},"end":{"line":24,"column":75}},"6":{"start":{"line":25,"column":0},"end":{"line":25,"column":55}},"7":{"start":{"line":26,"column":0},"end":{"line":26,"column":78}},"8":{"start":{"line":27,"column":0},"end":{"line":27,"column":69}},"9":{"start":{"line":28,"column":0},"end":{"line":28,"column":55}},"10":{"start":{"line":33,"column":0},"end":{"line":85,"column":null}},"11":{"start":{"line":34,"column":31},"end":{"line":34,"column":57}},"12":{"start":{"line":48,"column":4},"end":{"line":48,"column":76}},"13":{"start":{"line":61,"column":4},"end":{"line":61,"column":71}},"14":{"start":{"line":73,"column":4},"end":{"line":73,"column":76}},"15":{"start":{"line":83,"column":4},"end":{"line":83,"column":100}},"16":{"start":{"line":44,"column":2},"end":{"line":49,"column":null}},"17":{"start":{"line":58,"column":2},"end":{"line":62,"column":null}},"18":{"start":{"line":70,"column":2},"end":{"line":74,"column":null}},"19":{"start":{"line":79,"column":2},"end":{"line":84,"column":null}},"20":{"start":{"line":33,"column":21},"end":{"line":85,"column":null}},"21":{"start":{"line":85,"column":0},"end":{"line":85,"column":null}},"22":{"start":{"line":33,"column":21},"end":{"line":33,"column":null}}},"fnMap":{"0":{"name":"(anonymous_4)","decl":{"start":{"line":33,"column":0},"end":{"line":33,"column":21}},"loc":{"start":{"line":33,"column":0},"end":{"line":85,"column":null}}},"1":{"name":"(anonymous_5)","decl":{"start":{"line":34,"column":2},"end":{"line":34,"column":31}},"loc":{"start":{"line":34,"column":81},"end":{"line":34,"column":85}}},"2":{"name":"(anonymous_6)","decl":{"start":{"line":44,"column":2},"end":{"line":44,"column":7}},"loc":{"start":{"line":46,"column":44},"end":{"line":49,"column":3}}},"3":{"name":"(anonymous_7)","decl":{"start":{"line":58,"column":2},"end":{"line":58,"column":7}},"loc":{"start":{"line":59,"column":40},"end":{"line":62,"column":3}}},"4":{"name":"(anonymous_8)","decl":{"start":{"line":70,"column":2},"end":{"line":70,"column":7}},"loc":{"start":{"line":71,"column":45},"end":{"line":74,"column":3}}},"5":{"name":"(anonymous_9)","decl":{"start":{"line":79,"column":2},"end":{"line":79,"column":7}},"loc":{"start":{"line":81,"column":46},"end":{"line":84,"column":3}}}},"branchMap":{},"s":{"0":2,"1":2,"2":2,"3":2,"4":2,"5":2,"6":2,"7":2,"8":2,"9":2,"10":4,"11":4,"12":1,"13":1,"14":1,"15":1,"16":2,"17":2,"18":2,"19":2,"20":2,"21":2,"22":2},"f":{"0":2,"1":4,"2":1,"3":1,"4":1,"5":1},"b":{}}
,"/Users/syed/Workspace/srs/src/main/modules/srs/studentenrollment.module.ts": {"path":"/Users/syed/Workspace/srs/src/main/modules/srs/studentenrollment.module.ts","statementMap":{"0":{"start":{"line":1,"column":0},"end":{"line":1,"column":52}},"1":{"start":{"line":2,"column":0},"end":{"line":2,"column":48}},"2":{"start":{"line":3,"column":0},"end":{"line":3,"column":49}},"3":{"start":{"line":4,"column":0},"end":{"line":4,"column":66}},"4":{"start":{"line":5,"column":0},"end":{"line":5,"column":73}},"5":{"start":{"line":6,"column":0},"end":{"line":6,"column":75}},"6":{"start":{"line":21,"column":0},"end":{"line":21,"column":null}},"7":{"start":{"line":21,"column":13},"end":{"line":21,"column":null}},"8":{"start":{"line":21,"column":38},"end":{"line":21,"column":null}},"9":{"start":{"line":21,"column":13},"end":{"line":21,"column":36}}},"fnMap":{"0":{"name":"(anonymous_1)","decl":{"start":{"line":21,"column":0},"end":{"line":21,"column":13}},"loc":{"start":{"line":21,"column":0},"end":{"line":21,"column":null}}}},"branchMap":{},"s":{"0":1,"1":1,"2":1,"3":1,"4":1,"5":1,"6":2,"7":1,"8":1,"9":1},"f":{"0":1},"b":{}}
,"/Users/syed/Workspace/srs/src/main/modules/srs/dto/createStudent.dto.ts": {"path":"/Users/syed/Workspace/srs/src/main/modules/srs/dto/createStudent.dto.ts","statementMap":{"0":{"start":{"line":1,"column":0},"end":{"line":1,"column":null}},"1":{"start":{"line":6,"column":0},"end":{"line":6,"column":46}},"2":{"start":{"line":8,"column":0},"end":{"line":39,"column":null}},"3":{"start":{"line":16,"column":2},"end":{"line":16,"column":null}},"4":{"start":{"line":22,"column":2},"end":{"line":22,"column":null}},"5":{"start":{"line":28,"column":2},"end":{"line":28,"column":null}},"6":{"start":{"line":34,"column":2},"end":{"line":34,"column":null}},"7":{"start":{"line":39,"column":0},"end":{"line":39,"column":null}},"8":{"start":{"line":8,"column":13},"end":{"line":8,"column":29}},"9":{"start":{"line":41,"column":0},"end":{"line":41,"column":32}}},"fnMap":{"0":{"name":"(anonymous_2)","decl":{"start":{"line":8,"column":0},"end":{"line":8,"column":13}},"loc":{"start":{"line":8,"column":0},"end":{"line":39,"column":null}}}},"branchMap":{},"s":{"0":3,"1":3,"2":3,"3":3,"4":3,"5":3,"6":3,"7":3,"8":3,"9":3},"f":{"0":3},"b":{}}
,"/Users/syed/Workspace/srs/src/main/modules/srs/dto/deleteStudent.dto.ts": {"path":"/Users/syed/Workspace/srs/src/main/modules/srs/dto/deleteStudent.dto.ts","statementMap":{"0":{"start":{"line":1,"column":0},"end":{"line":1,"column":null}},"1":{"start":{"line":5,"column":0},"end":{"line":5,"column":46}},"2":{"start":{"line":7,"column":0},"end":{"line":12,"column":null}},"3":{"start":{"line":11,"column":2},"end":{"line":11,"column":null}},"4":{"start":{"line":12,"column":0},"end":{"line":12,"column":null}},"5":{"start":{"line":7,"column":13},"end":{"line":7,"column":29}},"6":{"start":{"line":14,"column":0},"end":{"line":14,"column":32}}},"fnMap":{"0":{"name":"(anonymous_2)","decl":{"start":{"line":7,"column":0},"end":{"line":7,"column":13}},"loc":{"start":{"line":7,"column":0},"end":{"line":12,"column":null}}}},"branchMap":{},"s":{"0":3,"1":3,"2":3,"3":3,"4":3,"5":3,"6":3},"f":{"0":3},"b":{}}
,"/Users/syed/Workspace/srs/src/main/modules/srs/dto/deletedStudentResult.dto.ts": {"path":"/Users/syed/Workspace/srs/src/main/modules/srs/dto/deletedStudentResult.dto.ts","statementMap":{"0":{"start":{"line":1,"column":0},"end":{"line":1,"column":null}},"1":{"start":{"line":4,"column":0},"end":{"line":4,"column":53}},"2":{"start":{"line":6,"column":0},"end":{"line":14,"column":null}},"3":{"start":{"line":9,"column":2},"end":{"line":9,"column":null}},"4":{"start":{"line":13,"column":2},"end":{"line":13,"column":null}},"5":{"start":{"line":14,"column":0},"end":{"line":14,"column":null}},"6":{"start":{"line":6,"column":13},"end":{"line":6,"column":36}},"7":{"start":{"line":16,"column":0},"end":{"line":16,"column":39}}},"fnMap":{"0":{"name":"(anonymous_2)","decl":{"start":{"line":6,"column":0},"end":{"line":6,"column":13}},"loc":{"start":{"line":6,"column":0},"end":{"line":14,"column":null}}}},"branchMap":{},"s":{"0":2,"1":2,"2":2,"3":2,"4":2,"5":2,"6":2,"7":2},"f":{"0":2},"b":{}}
,"/Users/syed/Workspace/srs/src/main/modules/srs/dto/studentEnrollmentResult.dto.ts": {"path":"/Users/syed/Workspace/srs/src/main/modules/srs/dto/studentEnrollmentResult.dto.ts","statementMap":{"0":{"start":{"line":1,"column":0},"end":{"line":1,"column":null}},"1":{"start":{"line":5,"column":0},"end":{"line":5,"column":54}},"2":{"start":{"line":7,"column":0},"end":{"line":41,"column":null}},"3":{"start":{"line":12,"column":2},"end":{"line":12,"column":null}},"4":{"start":{"line":16,"column":2},"end":{"line":16,"column":null}},"5":{"start":{"line":20,"column":2},"end":{"line":20,"column":null}},"6":{"start":{"line":24,"column":2},"end":{"line":24,"column":null}},"7":{"start":{"line":28,"column":2},"end":{"line":28,"column":null}},"8":{"start":{"line":32,"column":2},"end":{"line":32,"column":null}},"9":{"start":{"line":38,"column":2},"end":{"line":38,"column":null}},"10":{"start":{"line":41,"column":0},"end":{"line":41,"column":null}},"11":{"start":{"line":7,"column":13},"end":{"line":7,"column":39}},"12":{"start":{"line":43,"column":0},"end":{"line":43,"column":42}}},"fnMap":{"0":{"name":"(anonymous_2)","decl":{"start":{"line":7,"column":0},"end":{"line":7,"column":13}},"loc":{"start":{"line":7,"column":0},"end":{"line":41,"column":null}}}},"branchMap":{},"s":{"0":2,"1":2,"2":2,"3":2,"4":2,"5":2,"6":2,"7":2,"8":2,"9":2,"10":2,"11":2,"12":2},"f":{"0":2},"b":{}}
,"/Users/syed/Workspace/srs/src/main/modules/srs/dto/updateStudent.dto.ts": {"path":"/Users/syed/Workspace/srs/src/main/modules/srs/dto/updateStudent.dto.ts","statementMap":{"0":{"start":{"line":1,"column":0},"end":{"line":1,"column":null}},"1":{"start":{"line":5,"column":0},"end":{"line":5,"column":46}},"2":{"start":{"line":7,"column":0},"end":{"line":32,"column":null}},"3":{"start":{"line":11,"column":2},"end":{"line":11,"column":null}},"4":{"start":{"line":16,"column":2},"end":{"line":16,"column":null}},"5":{"start":{"line":21,"column":2},"end":{"line":21,"column":null}},"6":{"start":{"line":26,"column":2},"end":{"line":26,"column":null}},"7":{"start":{"line":31,"column":2},"end":{"line":31,"column":null}},"8":{"start":{"line":32,"column":0},"end":{"line":32,"column":null}},"9":{"start":{"line":7,"column":13},"end":{"line":7,"column":29}},"10":{"start":{"line":34,"column":0},"end":{"line":34,"column":32}}},"fnMap":{"0":{"name":"(anonymous_2)","decl":{"start":{"line":7,"column":0},"end":{"line":7,"column":13}},"loc":{"start":{"line":7,"column":0},"end":{"line":32,"column":null}}}},"branchMap":{},"s":{"0":3,"1":3,"2":3,"3":3,"4":3,"5":3,"6":3,"7":3,"8":3,"9":3,"10":3},"f":{"0":3},"b":{}}
,"/Users/syed/Workspace/srs/src/main/modules/srs/entity/studentenrollment.entity.ts": {"path":"/Users/syed/Workspace/srs/src/main/modules/srs/entity/studentenrollment.entity.ts","statementMap":{"0":{"start":{"line":1,"column":0},"end":{"line":1,"column":null}},"1":{"start":{"line":10,"column":0},"end":{"line":83,"column":null}},"2":{"start":{"line":12,"column":2},"end":{"line":12,"column":null}},"3":{"start":{"line":20,"column":2},"end":{"line":20,"column":null}},"4":{"start":{"line":28,"column":2},"end":{"line":28,"column":null}},"5":{"start":{"line":36,"column":2},"end":{"line":36,"column":null}},"6":{"start":{"line":44,"column":2},"end":{"line":44,"column":null}},"7":{"start":{"line":52,"column":2},"end":{"line":52,"column":null}},"8":{"start":{"line":60,"column":2},"end":{"line":60,"column":null}},"9":{"start":{"line":68,"column":2},"end":{"line":68,"column":null}},"10":{"start":{"line":75,"column":2},"end":{"line":75,"column":null}},"11":{"start":{"line":82,"column":2},"end":{"line":82,"column":null}},"12":{"start":{"line":10,"column":6},"end":{"line":83,"column":null}},"13":{"start":{"line":83,"column":0},"end":{"line":83,"column":null}},"14":{"start":{"line":85,"column":0},"end":{"line":85,"column":33}}},"fnMap":{"0":{"name":"(anonymous_2)","decl":{"start":{"line":10,"column":0},"end":{"line":10,"column":6}},"loc":{"start":{"line":10,"column":0},"end":{"line":83,"column":null}}}},"branchMap":{},"s":{"0":2,"1":4,"2":2,"3":2,"4":2,"5":2,"6":2,"7":2,"8":2,"9":2,"10":2,"11":2,"12":2,"13":2,"14":2},"f":{"0":2},"b":{}}
,"/Users/syed/Workspace/srs/src/main/modules/srs/repository/studentenrollment.repository.ts": {"path":"/Users/syed/Workspace/srs/src/main/modules/srs/repository/studentenrollment.repository.ts","statementMap":{"0":{"start":{"line":2,"column":0},"end":{"line":2,"column":37}},"1":{"start":{"line":4,"column":0},"end":{"line":4,"column":21}}},"fnMap":{},"branchMap":{},"s":{"0":3,"1":3},"f":{},"b":{}}
,"/Users/syed/Workspace/srs/src/main/modules/srs/service/studentenrollment.service.ts": {"path":"/Users/syed/Workspace/srs/src/main/modules/srs/service/studentenrollment.service.ts","statementMap":{"0":{"start":{"line":1,"column":0},"end":{"line":1,"column":62}},"1":{"start":{"line":2,"column":0},"end":{"line":2,"column":51}},"2":{"start":{"line":3,"column":0},"end":{"line":3,"column":39}},"3":{"start":{"line":4,"column":0},"end":{"line":4,"column":33}},"4":{"start":{"line":5,"column":0},"end":{"line":5,"column":59}},"5":{"start":{"line":6,"column":0},"end":{"line":6,"column":69}},"6":{"start":{"line":7,"column":0},"end":{"line":7,"column":85}},"7":{"start":{"line":16,"column":0},"end":{"line":155,"column":null}},"8":{"start":{"line":16,"column":45},"end":{"line":155,"column":null}},"9":{"start":{"line":21,"column":21},"end":{"line":21,"column":50}},"10":{"start":{"line":17,"column":9},"end":{"line":17,"column":68}},"11":{"start":{"line":23,"column":4},"end":{"line":33,"column":32}},"12":{"start":{"line":25,"column":35},"end":{"line":25,"column":53}},"13":{"start":{"line":26,"column":52},"end":{"line":26,"column":87}},"14":{"start":{"line":27,"column":49},"end":{"line":27,"column":81}},"15":{"start":{"line":28,"column":48},"end":{"line":28,"column":79}},"16":{"start":{"line":29,"column":47},"end":{"line":29,"column":77}},"17":{"start":{"line":30,"column":44},"end":{"line":30,"column":71}},"18":{"start":{"line":31,"column":39},"end":{"line":31,"column":61}},"19":{"start":{"line":32,"column":51},"end":{"line":32,"column":85}},"20":{"start":{"line":35,"column":4},"end":{"line":39,"column":32}},"21":{"start":{"line":37,"column":52},"end":{"line":37,"column":87}},"22":{"start":{"line":38,"column":40},"end":{"line":38,"column":63}},"23":{"start":{"line":46,"column":16},"end":{"line":46,"column":18}},"24":{"start":{"line":48,"column":4},"end":{"line":50,"column":null}},"25":{"start":{"line":49,"column":6},"end":{"line":49,"column":59}},"26":{"start":{"line":51,"column":4},"end":{"line":53,"column":null}},"27":{"start":{"line":52,"column":6},"end":{"line":52,"column":59}},"28":{"start":{"line":55,"column":4},"end":{"line":55,"column":38}},"29":{"start":{"line":56,"column":51},"end":{"line":58,"column":6}},"30":{"start":{"line":60,"column":4},"end":{"line":66,"column":null}},"31":{"start":{"line":61,"column":6},"end":{"line":65,"column":8}},"32":{"start":{"line":68,"column":49},"end":{"line":68,"column":51}},"33":{"start":{"line":69,"column":4},"end":{"line":76,"column":null}},"34":{"start":{"line":70,"column":57},"end":{"line":73,"column":null}},"35":{"start":{"line":75,"column":6},"end":{"line":75,"column":34}},"36":{"start":{"line":77,"column":4},"end":{"line":77,"column":18}},"37":{"start":{"line":81,"column":30},"end":{"line":81,"column":40}},"38":{"start":{"line":82,"column":32},"end":{"line":82,"column":76}},"39":{"start":{"line":83,"column":4},"end":{"line":83,"column":58}},"40":{"start":{"line":84,"column":4},"end":{"line":84,"column":25}},"41":{"start":{"line":85,"column":4},"end":{"line":85,"column":44}},"42":{"start":{"line":86,"column":4},"end":{"line":86,"column":81}},"43":{"start":{"line":88,"column":4},"end":{"line":96,"column":null}},"44":{"start":{"line":89,"column":6},"end":{"line":89,"column":68}},"45":{"start":{"line":91,"column":6},"end":{"line":95,"column":8}},"46":{"start":{"line":97,"column":4},"end":{"line":101,"column":6}},"47":{"start":{"line":105,"column":39},"end":{"line":106,"column":83}},"48":{"start":{"line":108,"column":4},"end":{"line":114,"column":null}},"49":{"start":{"line":109,"column":6},"end":{"line":113,"column":8}},"50":{"start":{"line":116,"column":4},"end":{"line":116,"column":67}},"51":{"start":{"line":117,"column":4},"end":{"line":117,"column":61}},"52":{"start":{"line":118,"column":4},"end":{"line":118,"column":59}},"53":{"start":{"line":119,"column":4},"end":{"line":119,"column":57}},"54":{"start":{"line":120,"column":4},"end":{"line":120,"column":51}},"55":{"start":{"line":121,"column":4},"end":{"line":121,"column":40}},"56":{"start":{"line":123,"column":45},"end":{"line":123,"column":97}},"57":{"start":{"line":124,"column":4},"end":{"line":128,"column":6}},"58":{"start":{"line":132,"column":39},"end":{"line":133,"column":53}},"59":{"start":{"line":135,"column":4},"end":{"line":141,"column":null}},"60":{"start":{"line":136,"column":6},"end":{"line":140,"column":8}},"61":{"start":{"line":143,"column":4},"end":{"line":143,"column":37}},"62":{"start":{"line":144,"column":4},"end":{"line":144,"column":25}},"63":{"start":{"line":145,"column":4},"end":{"line":145,"column":47}},"64":{"start":{"line":146,"column":4},"end":{"line":146,"column":40}},"65":{"start":{"line":148,"column":45},"end":{"line":148,"column":97}},"66":{"start":{"line":149,"column":6},"end":{"line":153,"column":8}},"67":{"start":{"line":16,"column":21},"end":{"line":155,"column":null}},"68":{"start":{"line":155,"column":0},"end":{"line":155,"column":null}},"69":{"start":{"line":16,"column":21},"end":{"line":16,"column":null}}},"fnMap":{"0":{"name":"(anonymous_4)","decl":{"start":{"line":16,"column":0},"end":{"line":16,"column":21}},"loc":{"start":{"line":16,"column":0},"end":{"line":155,"column":null}}},"1":{"name":"(anonymous_5)","decl":{"start":{"line":19,"column":2},"end":{"line":19,"column":null}},"loc":{"start":{"line":21,"column":77},"end":{"line":40,"column":3}}},"2":{"name":"(anonymous_6)","decl":{"start":{"line":25,"column":25},"end":{"line":25,"column":26}},"loc":{"start":{"line":25,"column":35},"end":{"line":25,"column":53}}},"3":{"name":"(anonymous_7)","decl":{"start":{"line":26,"column":42},"end":{"line":26,"column":43}},"loc":{"start":{"line":26,"column":52},"end":{"line":26,"column":87}}},"4":{"name":"(anonymous_8)","decl":{"start":{"line":27,"column":39},"end":{"line":27,"column":40}},"loc":{"start":{"line":27,"column":49},"end":{"line":27,"column":81}}},"5":{"name":"(anonymous_9)","decl":{"start":{"line":28,"column":38},"end":{"line":28,"column":39}},"loc":{"start":{"line":28,"column":48},"end":{"line":28,"column":79}}},"6":{"name":"(anonymous_10)","decl":{"start":{"line":29,"column":37},"end":{"line":29,"column":38}},"loc":{"start":{"line":29,"column":47},"end":{"line":29,"column":77}}},"7":{"name":"(anonymous_11)","decl":{"start":{"line":30,"column":34},"end":{"line":30,"column":35}},"loc":{"start":{"line":30,"column":44},"end":{"line":30,"column":71}}},"8":{"name":"(anonymous_12)","decl":{"start":{"line":31,"column":29},"end":{"line":31,"column":30}},"loc":{"start":{"line":31,"column":39},"end":{"line":31,"column":61}}},"9":{"name":"(anonymous_13)","decl":{"start":{"line":32,"column":41},"end":{"line":32,"column":42}},"loc":{"start":{"line":32,"column":51},"end":{"line":32,"column":85}}},"10":{"name":"(anonymous_14)","decl":{"start":{"line":37,"column":42},"end":{"line":37,"column":43}},"loc":{"start":{"line":37,"column":52},"end":{"line":37,"column":87}}},"11":{"name":"(anonymous_15)","decl":{"start":{"line":38,"column":30},"end":{"line":38,"column":31}},"loc":{"start":{"line":38,"column":40},"end":{"line":38,"column":63}}},"12":{"name":"(anonymous_16)","decl":{"start":{"line":42,"column":2},"end":{"line":42,"column":7}},"loc":{"start":{"line":44,"column":26},"end":{"line":78,"column":3}}},"13":{"name":"(anonymous_17)","decl":{"start":{"line":80,"column":2},"end":{"line":80,"column":7}},"loc":{"start":{"line":80,"column":51},"end":{"line":102,"column":3}}},"14":{"name":"(anonymous_18)","decl":{"start":{"line":104,"column":2},"end":{"line":104,"column":7}},"loc":{"start":{"line":104,"column":58},"end":{"line":129,"column":3}}},"15":{"name":"(anonymous_19)","decl":{"start":{"line":131,"column":2},"end":{"line":131,"column":7}},"loc":{"start":{"line":131,"column":74},"end":{"line":154,"column":3}}}},"branchMap":{"0":{"loc":{"start":{"line":48,"column":4},"end":{"line":50,"column":null}},"type":"if","locations":[{"start":{"line":48,"column":4},"end":{"line":50,"column":null}},{"start":{"line":48,"column":4},"end":{"line":50,"column":null}}]},"1":{"loc":{"start":{"line":51,"column":4},"end":{"line":53,"column":null}},"type":"if","locations":[{"start":{"line":51,"column":4},"end":{"line":53,"column":null}},{"start":{"line":51,"column":4},"end":{"line":53,"column":null}}]},"2":{"loc":{"start":{"line":60,"column":4},"end":{"line":66,"column":null}},"type":"if","locations":[{"start":{"line":60,"column":4},"end":{"line":66,"column":null}},{"start":{"line":60,"column":4},"end":{"line":66,"column":null}}]},"3":{"loc":{"start":{"line":60,"column":8},"end":{"line":60,"column":17}},"type":"binary-expr","locations":[{"start":{"line":60,"column":8},"end":{"line":60,"column":17}},{"start":{"line":60,"column":21},"end":{"line":60,"column":42}}]},"4":{"loc":{"start":{"line":108,"column":4},"end":{"line":114,"column":null}},"type":"if","locations":[{"start":{"line":108,"column":4},"end":{"line":114,"column":null}},{"start":{"line":108,"column":4},"end":{"line":114,"column":null}}]},"5":{"loc":{"start":{"line":135,"column":4},"end":{"line":141,"column":null}},"type":"if","locations":[{"start":{"line":135,"column":4},"end":{"line":141,"column":null}},{"start":{"line":135,"column":4},"end":{"line":141,"column":null}}]}},"s":{"0":3,"1":3,"2":3,"3":3,"4":3,"5":3,"6":3,"7":3,"8":3,"9":11,"10":11,"11":11,"12":8,"13":8,"14":8,"15":8,"16":8,"17":8,"18":8,"19":8,"20":11,"21":2,"22":2,"23":3,"24":3,"25":2,"26":3,"27":2,"28":3,"29":3,"30":2,"31":1,"32":1,"33":1,"34":2,"35":2,"36":1,"37":2,"38":2,"39":2,"40":2,"41":2,"42":2,"43":2,"44":2,"45":1,"46":1,"47":3,"48":2,"49":1,"50":1,"51":1,"52":1,"53":1,"54":1,"55":1,"56":1,"57":1,"58":3,"59":2,"60":1,"61":1,"62":1,"63":1,"64":1,"65":1,"66":1,"67":3,"68":3,"69":3},"f":{"0":3,"1":11,"2":8,"3":8,"4":8,"5":8,"6":8,"7":8,"8":8,"9":8,"10":2,"11":2,"12":3,"13":2,"14":3,"15":3},"b":{"0":[2,1],"1":[2,1],"2":[1,1],"3":[2,2],"4":[1,1],"5":[1,1]}}
,"/Users/syed/Workspace/srs/src/main/utils/apiException.ts": {"path":"/Users/syed/Workspace/srs/src/main/utils/apiException.ts","statementMap":{"0":{"start":{"line":1,"column":0},"end":{"line":1,"column":47}},"1":{"start":{"line":8,"column":4},"end":{"line":8,"column":35}},"2":{"start":{"line":9,"column":4},"end":{"line":9,"column":21}},"3":{"start":{"line":10,"column":4},"end":{"line":10,"column":35}},"4":{"start":{"line":11,"column":4},"end":{"line":11,"column":33}},"5":{"start":{"line":3,"column":0},"end":{"line":3,"column":13}}},"fnMap":{"0":{"name":"(anonymous_0)","decl":{"start":{"line":7,"column":2},"end":{"line":7,"column":14}},"loc":{"start":{"line":7,"column":67},"end":{"line":12,"column":3}}}},"branchMap":{},"s":{"0":4,"1":16,"2":16,"3":16,"4":16,"5":4},"f":{"0":16},"b":{}}
,"/Users/syed/Workspace/srs/src/main/utils/apiExceptionEnums.ts": {"path":"/Users/syed/Workspace/srs/src/main/utils/apiExceptionEnums.ts","statementMap":{"0":{"start":{"line":1,"column":0},"end":{"line":11,"column":null}},"1":{"start":{"line":2,"column":9},"end":{"line":5,"column":4}},"2":{"start":{"line":3,"column":19},"end":{"line":3,"column":20}},"3":{"start":{"line":4,"column":26},"end":{"line":4,"column":45}},"4":{"start":{"line":7,"column":9},"end":{"line":10,"column":4}},"5":{"start":{"line":8,"column":19},"end":{"line":8,"column":20}},"6":{"start":{"line":9,"column":26},"end":{"line":9,"column":44}},"7":{"start":{"line":11,"column":0},"end":{"line":11,"column":null}},"8":{"start":{"line":1,"column":13},"end":{"line":1,"column":30}}},"fnMap":{"0":{"name":"(anonymous_0)","decl":{"start":{"line":1,"column":0},"end":{"line":1,"column":13}},"loc":{"start":{"line":1,"column":0},"end":{"line":11,"column":null}}},"1":{"name":"(anonymous_1)","decl":{"start":{"line":3,"column":13},"end":{"line":3,"column":16}},"loc":{"start":{"line":3,"column":19},"end":{"line":3,"column":20}}},"2":{"name":"(anonymous_2)","decl":{"start":{"line":4,"column":20},"end":{"line":4,"column":23}},"loc":{"start":{"line":4,"column":26},"end":{"line":4,"column":45}}},"3":{"name":"(anonymous_3)","decl":{"start":{"line":8,"column":13},"end":{"line":8,"column":16}},"loc":{"start":{"line":8,"column":19},"end":{"line":8,"column":20}}},"4":{"name":"(anonymous_4)","decl":{"start":{"line":9,"column":20},"end":{"line":9,"column":23}},"loc":{"start":{"line":9,"column":26},"end":{"line":9,"column":44}}}},"branchMap":{},"s":{"0":3,"1":3,"2":3,"3":3,"4":3,"5":12,"6":12,"7":3,"8":3},"f":{"0":3,"1":3,"2":3,"3":12,"4":12},"b":{}}
,"/Users/syed/Workspace/srs/src/main/utils/apiExceptionFilter.ts": {"path":"/Users/syed/Workspace/srs/src/main/utils/apiExceptionFilter.ts","statementMap":{"0":{"start":{"line":1,"column":0},"end":{"line":1,"column":71}},"1":{"start":{"line":3,"column":0},"end":{"line":3,"column":46}},"2":{"start":{"line":6,"column":0},"end":{"line":17,"column":null}},"3":{"start":{"line":8,"column":16},"end":{"line":8,"column":35}},"4":{"start":{"line":9,"column":21},"end":{"line":9,"column":48}},"5":{"start":{"line":10,"column":19},"end":{"line":10,"column":40}},"6":{"start":{"line":11,"column":4},"end":{"line":15,"column":7}},"7":{"start":{"line":6,"column":13},"end":{"line":17,"column":null}},"8":{"start":{"line":17,"column":0},"end":{"line":17,"column":null}},"9":{"start":{"line":6,"column":13},"end":{"line":6,"column":31}}},"fnMap":{"0":{"name":"(anonymous_1)","decl":{"start":{"line":6,"column":0},"end":{"line":6,"column":13}},"loc":{"start":{"line":6,"column":0},"end":{"line":17,"column":null}}},"1":{"name":"(anonymous_2)","decl":{"start":{"line":7,"column":2},"end":{"line":7,"column":7}},"loc":{"start":{"line":7,"column":52},"end":{"line":16,"column":3}}}},"branchMap":{},"s":{"0":3,"1":3,"2":6,"3":1,"4":1,"5":1,"6":1,"7":3,"8":3,"9":3},"f":{"0":3,"1":1},"b":{}}
,"/Users/syed/Workspace/srs/src/main/utils/studentEnrollmentIdParams.ts": {"path":"/Users/syed/Workspace/srs/src/main/utils/studentEnrollmentIdParams.ts","statementMap":{"0":{"start":{"line":1,"column":0},"end":{"line":1,"column":43}},"1":{"start":{"line":3,"column":0},"end":{"line":6,"column":null}},"2":{"start":{"line":5,"column":2},"end":{"line":5,"column":null}},"3":{"start":{"line":6,"column":0},"end":{"line":6,"column":null}},"4":{"start":{"line":3,"column":21},"end":{"line":3,"column":null}}},"fnMap":{"0":{"name":"(anonymous_2)","decl":{"start":{"line":3,"column":0},"end":{"line":3,"column":21}},"loc":{"start":{"line":3,"column":0},"end":{"line":6,"column":null}}}},"branchMap":{},"s":{"0":2,"1":2,"2":2,"3":2,"4":2},"f":{"0":2},"b":{}}
}
