TN:
SF:src/main/app.module.ts
FN:16,(anonymous_1)
FNF:1
FNH:1
FNDA:1,(anonymous_1)
DA:1,1
DA:2,1
DA:3,1
DA:4,1
DA:5,1
DA:16,2
LF:6
LH:6
BRF:0
BRH:0
end_of_record
TN:
SF:src/main/modules/app-config/app-config.module.ts
FN:8,(anonymous_1)
FNF:1
FNH:1
FNDA:1,(anonymous_1)
DA:1,1
DA:2,1
DA:8,2
LF:3
LH:3
BRF:0
BRH:0
end_of_record
TN:
SF:src/main/modules/app-config/app-config.ts
FN:6,(anonymous_1)
FN:11,(anonymous_2)
FN:15,(anonymous_3)
FN:19,(anonymous_4)
FN:7,(anonymous_5)
FNF:5
FNH:2
FNDA:1,(anonymous_1)
FNDA:0,(anonymous_2)
FNDA:0,(anonymous_3)
FNDA:0,(anonymous_4)
FNDA:1,(anonymous_5)
DA:1,1
DA:3,1
DA:6,1
DA:7,1
DA:8,1
DA:12,0
DA:16,0
DA:20,0
DA:32,1
LF:9
LH:6
BRDA:22,0,0,0
BRDA:22,0,1,0
BRDA:22,1,0,0
BRDA:22,1,1,0
BRF:4
BRH:0
end_of_record
TN:
SF:src/main/modules/database/database.module.ts
FN:7,(anonymous_1)
FN:8,(anonymous_2)
FN:15,(anonymous_3)
FNF:3
FNH:2
FNDA:1,(anonymous_1)
FNDA:1,(anonymous_2)
FNDA:0,(anonymous_3)
DA:1,1
DA:2,1
DA:3,1
DA:4,1
DA:7,1
DA:9,1
DA:16,0
DA:21,1
LF:8
LH:7
BRF:0
BRH:0
end_of_record
TN:
SF:src/main/modules/srs/studentenrollment.controller.ts
FN:33,(anonymous_4)
FN:34,(anonymous_5)
FN:44,(anonymous_6)
FN:58,(anonymous_7)
FN:70,(anonymous_8)
FN:79,(anonymous_9)
FNF:6
FNH:6
FNDA:2,(anonymous_4)
FNDA:4,(anonymous_5)
FNDA:1,(anonymous_6)
FNDA:1,(anonymous_7)
FNDA:1,(anonymous_8)
FNDA:1,(anonymous_9)
DA:1,2
DA:14,2
DA:15,2
DA:22,2
DA:23,2
DA:24,2
DA:25,2
DA:26,2
DA:27,2
DA:28,2
DA:33,4
DA:34,4
DA:44,2
DA:48,1
DA:58,2
DA:61,1
DA:70,2
DA:73,1
DA:79,2
DA:83,1
DA:85,2
LF:21
LH:21
BRF:0
BRH:0
end_of_record
TN:
SF:src/main/modules/srs/studentenrollment.module.ts
FN:21,(anonymous_1)
FNF:1
FNH:1
FNDA:1,(anonymous_1)
DA:1,1
DA:2,1
DA:3,1
DA:4,1
DA:5,1
DA:6,1
DA:21,2
LF:7
LH:7
BRF:0
BRH:0
end_of_record
TN:
SF:src/main/modules/srs/dto/createStudent.dto.ts
FN:8,(anonymous_2)
FNF:1
FNH:1
FNDA:3,(anonymous_2)
DA:1,3
DA:6,3
DA:8,3
DA:16,3
DA:22,3
DA:28,3
DA:34,3
DA:39,3
DA:41,3
LF:9
LH:9
BRF:0
BRH:0
end_of_record
TN:
SF:src/main/modules/srs/dto/deleteStudent.dto.ts
FN:7,(anonymous_2)
FNF:1
FNH:1
FNDA:3,(anonymous_2)
DA:1,3
DA:5,3
DA:7,3
DA:11,3
DA:12,3
DA:14,3
LF:6
LH:6
BRF:0
BRH:0
end_of_record
TN:
SF:src/main/modules/srs/dto/deletedStudentResult.dto.ts
FN:6,(anonymous_2)
FNF:1
FNH:1
FNDA:2,(anonymous_2)
DA:1,2
DA:4,2
DA:6,2
DA:9,2
DA:13,2
DA:14,2
DA:16,2
LF:7
LH:7
BRF:0
BRH:0
end_of_record
TN:
SF:src/main/modules/srs/dto/studentEnrollmentResult.dto.ts
FN:7,(anonymous_2)
FNF:1
FNH:1
FNDA:2,(anonymous_2)
DA:1,2
DA:5,2
DA:7,2
DA:12,2
DA:16,2
DA:20,2
DA:24,2
DA:28,2
DA:32,2
DA:38,2
DA:41,2
DA:43,2
LF:12
LH:12
BRF:0
BRH:0
end_of_record
TN:
SF:src/main/modules/srs/dto/updateStudent.dto.ts
FN:7,(anonymous_2)
FNF:1
FNH:1
FNDA:3,(anonymous_2)
DA:1,3
DA:5,3
DA:7,3
DA:11,3
DA:16,3
DA:21,3
DA:26,3
DA:31,3
DA:32,3
DA:34,3
LF:10
LH:10
BRF:0
BRH:0
end_of_record
TN:
SF:src/main/modules/srs/entity/studentenrollment.entity.ts
FN:10,(anonymous_2)
FNF:1
FNH:1
FNDA:2,(anonymous_2)
DA:1,2
DA:10,4
DA:12,2
DA:20,2
DA:28,2
DA:36,2
DA:44,2
DA:52,2
DA:60,2
DA:68,2
DA:75,2
DA:82,2
DA:83,2
DA:85,2
LF:14
LH:14
BRF:0
BRH:0
end_of_record
TN:
SF:src/main/modules/srs/repository/studentenrollment.repository.ts
FNF:0
FNH:0
DA:2,3
DA:4,3
LF:2
LH:2
BRF:0
BRH:0
end_of_record
TN:
SF:src/main/modules/srs/service/studentenrollment.service.ts
FN:16,(anonymous_4)
FN:19,(anonymous_5)
FN:25,(anonymous_6)
FN:26,(anonymous_7)
FN:27,(anonymous_8)
FN:28,(anonymous_9)
FN:29,(anonymous_10)
FN:30,(anonymous_11)
FN:31,(anonymous_12)
FN:32,(anonymous_13)
FN:37,(anonymous_14)
FN:38,(anonymous_15)
FN:42,(anonymous_16)
FN:80,(anonymous_17)
FN:104,(anonymous_18)
FN:131,(anonymous_19)
FNF:16
FNH:16
FNDA:3,(anonymous_4)
FNDA:11,(anonymous_5)
FNDA:8,(anonymous_6)
FNDA:8,(anonymous_7)
FNDA:8,(anonymous_8)
FNDA:8,(anonymous_9)
FNDA:8,(anonymous_10)
FNDA:8,(anonymous_11)
FNDA:8,(anonymous_12)
FNDA:8,(anonymous_13)
FNDA:2,(anonymous_14)
FNDA:2,(anonymous_15)
FNDA:3,(anonymous_16)
FNDA:2,(anonymous_17)
FNDA:3,(anonymous_18)
FNDA:3,(anonymous_19)
DA:1,3
DA:2,3
DA:3,3
DA:4,3
DA:5,3
DA:6,3
DA:7,3
DA:16,3
DA:17,11
DA:21,11
DA:23,11
DA:25,8
DA:26,8
DA:27,8
DA:28,8
DA:29,8
DA:30,8
DA:31,8
DA:32,8
DA:35,11
DA:37,2
DA:38,2
DA:46,3
DA:48,3
DA:49,2
DA:51,3
DA:52,2
DA:55,3
DA:56,3
DA:60,2
DA:61,1
DA:68,1
DA:69,1
DA:70,2
DA:75,2
DA:77,1
DA:81,2
DA:82,2
DA:83,2
DA:84,2
DA:85,2
DA:86,2
DA:88,2
DA:89,2
DA:91,1
DA:97,1
DA:105,3
DA:108,2
DA:109,1
DA:116,1
DA:117,1
DA:118,1
DA:119,1
DA:120,1
DA:121,1
DA:123,1
DA:124,1
DA:132,3
DA:135,2
DA:136,1
DA:143,1
DA:144,1
DA:145,1
DA:146,1
DA:148,1
DA:149,1
DA:155,3
LF:67
LH:67
BRDA:48,0,0,2
BRDA:48,0,1,1
BRDA:51,1,0,2
BRDA:51,1,1,1
BRDA:60,2,0,1
BRDA:60,2,1,1
BRDA:60,3,0,2
BRDA:60,3,1,2
BRDA:108,4,0,1
BRDA:108,4,1,1
BRDA:135,5,0,1
BRDA:135,5,1,1
BRF:12
BRH:12
end_of_record
TN:
SF:src/main/utils/apiException.ts
FN:7,(anonymous_0)
FNF:1
FNH:1
FNDA:16,(anonymous_0)
DA:1,4
DA:3,4
DA:8,16
DA:9,16
DA:10,16
DA:11,16
LF:6
LH:6
BRF:0
BRH:0
end_of_record
TN:
SF:src/main/utils/apiExceptionEnums.ts
FN:1,(anonymous_0)
FN:3,(anonymous_1)
FN:4,(anonymous_2)
FN:8,(anonymous_3)
FN:9,(anonymous_4)
FNF:5
FNH:5
FNDA:3,(anonymous_0)
FNDA:3,(anonymous_1)
FNDA:3,(anonymous_2)
FNDA:12,(anonymous_3)
FNDA:12,(anonymous_4)
DA:1,3
DA:2,3
DA:3,3
DA:4,3
DA:7,3
DA:8,12
DA:9,12
DA:11,3
LF:8
LH:8
BRF:0
BRH:0
end_of_record
TN:
SF:src/main/utils/apiExceptionFilter.ts
FN:6,(anonymous_1)
FN:7,(anonymous_2)
FNF:2
FNH:2
FNDA:3,(anonymous_1)
FNDA:1,(anonymous_2)
DA:1,3
DA:3,3
DA:6,6
DA:8,1
DA:9,1
DA:10,1
DA:11,1
DA:17,3
LF:8
LH:8
BRF:0
BRH:0
end_of_record
TN:
SF:src/main/utils/studentEnrollmentIdParams.ts
FN:3,(anonymous_2)
FNF:1
FNH:1
FNDA:2,(anonymous_2)
DA:1,2
DA:3,2
DA:5,2
DA:6,2
LF:4
LH:4
BRF:0
BRH:0
end_of_record
